<?xml version="1.0" encoding="UTF-8"?>
<!-- Generated by org.testng.reporters.JUnitReportReporter -->
<testsuite hostname="rbhadras-mac" failures="0" tests="1" name="com.inetbanking.testCases.TC_LoginTest_001" time="4.555" errors="0" timestamp="17 Dec 2020 17:03:18 GMT" skipped="0">
  <testcase classname="com.inetbanking.testCases.TC_LoginTest_001" name="loginTest" time="4.555"/>
</testsuite> <!-- com.inetbanking.testCases.TC_LoginTest_001 -->
