<?xml version="1.0" encoding="UTF-8"?>
<!-- Generated by org.testng.reporters.JUnitReportReporter -->
<testsuite hostname="rbhadras-mac" failures="0" tests="1" name="com.inetbanking.testCases.TC_LoginTest_001" time="3.922" errors="0" timestamp="17 Dec 2020 18:31:26 GMT" skipped="0">
  <testcase classname="com.inetbanking.testCases.TC_LoginTest_001" name="loginTest" time="3.922"/>
</testsuite> <!-- com.inetbanking.testCases.TC_LoginTest_001 -->
